<?xml version="1.0" encoding="UTF-8"?>
<!-- Generated by org.testng.reporters.JUnitReportReporter -->
<testsuite hostname="Tariq-Desktop" failures="0" tests="2" name="com.login.verification.Login_Functionality_Test" time="2.223" errors="0" timestamp="2024-02-12T16:45:45 EST" skipped="0">
  <testcase classname="com.login.verification.Login_Functionality_Test" name="testValidLogin" time="1.492"/>
  <testcase classname="com.login.verification.Login_Functionality_Test" name="testInvalidLogin" time="0.731"/>
</testsuite> <!-- com.login.verification.Login_Functionality_Test -->
