<?xml version="1.0" encoding="UTF-8"?>
<!-- Generated by org.testng.reporters.JUnitReportReporter -->
<testsuite hostname="Tariq-Desktop" failures="0" tests="1" name="com.login.verification.Account_Balannce" time="3.796" errors="0" timestamp="2024-02-12T17:14:05 EST" skipped="0">
  <testcase classname="com.login.verification.Account_Balannce" name="testAccountBalanceRetrieval" time="3.796"/>
</testsuite> <!-- com.login.verification.Account_Balannce -->
